<?xml version="1.0" encoding="UTF-8"?>
<testng-results ignored="0" total="3" passed="3" failed="0" skipped="0">
  <reporter-output>
  </reporter-output>
  <suite started-at="2024-04-18T14:45:24 IST" name="Default suite" finished-at="2024-04-18T14:45:29 IST" duration-ms="4847">
    <groups>
      <group name="cucumber">
        <method signature="AbstractTestNGCucumberTests.runScenario(io.cucumber.testng.PickleWrapper,io.cucumber.testng.FeatureWrapper)[pri:0, instance:Runner.TestRunner@4b29d1d2]" name="runScenario" class="io.cucumber.testng.AbstractTestNGCucumberTests"/>
      </group> <!-- cucumber -->
    </groups>
    <test started-at="2024-04-18T14:45:24 IST" name="Default test" finished-at="2024-04-18T14:45:29 IST" duration-ms="4847">
      <class name="Runner.TestRunner">
        <test-method is-config="true" signature="setUpClass(org.testng.ITestContext)[pri:0, instance:Runner.TestRunner@4b29d1d2]" started-at="2024-04-18T14:45:24 IST" name="setUpClass" finished-at="2024-04-18T14:45:25 IST" duration-ms="682" status="PASS">
          <params>
            <param index="0">
              <value>
                <![CDATA[org.testng.TestRunner@3f4964f2]]>
              </value>
            </param>
          </params>
          <reporter-output>
          </reporter-output>
        </test-method> <!-- setUpClass -->
        <test-method signature="runScenario(io.cucumber.testng.PickleWrapper,io.cucumber.testng.FeatureWrapper)[pri:0, instance:Runner.TestRunner@4b29d1d2]" started-at="2024-04-18T14:45:25 IST" name="runScenario" description="Runs Cucumber Scenarios" data-provider="scenarios" finished-at="2024-04-18T14:45:28 IST" duration-ms="2608" status="PASS">
          <params>
            <param index="0">
              <value>
                <![CDATA["Post a new activity"]]>
              </value>
            </param>
            <param index="1">
              <value>
                <![CDATA["End to End Testing Activities API(https://fakerestapi.azurewebsites.net/index.html)"]]>
              </value>
            </param>
          </params>
          <reporter-output>
          </reporter-output>
        </test-method> <!-- runScenario -->
        <test-method signature="runScenario(io.cucumber.testng.PickleWrapper,io.cucumber.testng.FeatureWrapper)[pri:0, instance:Runner.TestRunner@4b29d1d2]" started-at="2024-04-18T14:45:28 IST" name="runScenario" description="Runs Cucumber Scenarios" data-provider="scenarios" finished-at="2024-04-18T14:45:28 IST" duration-ms="494" status="PASS">
          <params>
            <param index="0">
              <value>
                <![CDATA["Post a new activity"]]>
              </value>
            </param>
            <param index="1">
              <value>
                <![CDATA["End to End Testing Activities API(https://fakerestapi.azurewebsites.net/index.html)"]]>
              </value>
            </param>
          </params>
          <reporter-output>
          </reporter-output>
        </test-method> <!-- runScenario -->
        <test-method signature="runScenario(io.cucumber.testng.PickleWrapper,io.cucumber.testng.FeatureWrapper)[pri:0, instance:Runner.TestRunner@4b29d1d2]" started-at="2024-04-18T14:45:28 IST" name="runScenario" description="Runs Cucumber Scenarios" data-provider="scenarios" finished-at="2024-04-18T14:45:29 IST" duration-ms="769" status="PASS">
          <params>
            <param index="0">
              <value>
                <![CDATA["Post a new activity"]]>
              </value>
            </param>
            <param index="1">
              <value>
                <![CDATA["End to End Testing Activities API(https://fakerestapi.azurewebsites.net/index.html)"]]>
              </value>
            </param>
          </params>
          <reporter-output>
          </reporter-output>
        </test-method> <!-- runScenario -->
        <test-method is-config="true" signature="tearDownClass()[pri:0, instance:Runner.TestRunner@4b29d1d2]" started-at="2024-04-18T14:45:29 IST" name="tearDownClass" finished-at="2024-04-18T14:45:29 IST" duration-ms="250" status="PASS">
          <reporter-output>
          </reporter-output>
        </test-method> <!-- tearDownClass -->
      </class> <!-- Runner.TestRunner -->
    </test> <!-- Default test -->
  </suite> <!-- Default suite -->
</testng-results>
